{"timestamp": "2025-10-10T06:20:50.539076+00:00", "level": "WARNING", "logger": "tacacs_server.config.config", "message": "Ignoring configured log_format in favour of structured JSON output"}
{"timestamp": "2025-10-10T06:20:50.539182+00:00", "level": "INFO", "logger": "tacacs_server.config.config", "message": "Logging configured: level=INFO, file=logs/tacacs.log"}
{"timestamp": "2025-10-10T06:20:50.539353+00:00", "level": "INFO", "logger": "tacacs_server.config.config", "message": "\u2713 Configuration validation passed"}
{"timestamp": "2025-10-10T06:20:50.553553+00:00", "level": "INFO", "logger": "tacacs_server.accounting.database", "message": "Database initialized: data/tacacs_accounting.db"}
{"timestamp": "2025-10-10T06:20:50.578132+00:00", "level": "INFO", "logger": "tacacs_server.radius.server", "message": "RADIUS: Refreshed 3 client definitions"}
{"timestamp": "2025-10-10T06:20:50.578191+00:00", "level": "INFO", "logger": "tacacs_server.radius.server", "message": "RADIUS: Accounting logger configured"}
{"timestamp": "2025-10-10T06:20:50.578232+00:00", "level": "INFO", "logger": "__main__", "message": "RADIUS: Sharing accounting database with TACACS+"}
{"timestamp": "2025-10-10T06:20:50.578265+00:00", "level": "INFO", "logger": "__main__", "message": "RADIUS server configured with 3 clients"}
{"timestamp": "2025-10-10T06:20:50.578385+00:00", "level": "INFO", "logger": "tacacs_server.radius.server", "message": "RADIUS: Refreshed 3 client definitions"}
{"timestamp": "2025-10-10T06:20:50.578768+00:00", "level": "INFO", "logger": "tacacs_server.tacacs.server", "message": "Added authentication backend: LocalAuthBackend(local)"}
{"timestamp": "2025-10-10T06:20:50.578805+00:00", "level": "INFO", "logger": "tacacs_server.radius.server", "message": "RADIUS: Added authentication backend: local"}
{"timestamp": "2025-10-10T06:20:50.578841+00:00", "level": "INFO", "logger": "__main__", "message": "RADIUS: Sharing 1 auth backends with TACACS+"}
{"timestamp": "2025-10-10T06:20:50.578887+00:00", "level": "INFO", "logger": "__main__", "message": "Monitoring configured -> attempting to enable web monitoring on 127.0.0.1:8080"}
{"timestamp": "2025-10-10T06:20:50.578925+00:00", "level": "INFO", "logger": "tacacs_server.tacacs.server", "message": "Attempting to enable web monitoring on 127.0.0.1:8080"}
{"timestamp": "2025-10-10T06:20:50.592502+00:00", "level": "INFO", "logger": "tacacs_server.web.monitoring", "message": "Starting uvicorn for monitoring on 127.0.0.1:8080"}
{"timestamp": "2025-10-10T06:20:50.798545+00:00", "level": "INFO", "logger": "tacacs_server.web.monitoring", "message": "Monitoring interface started at http://127.0.0.1:8080"}
{"timestamp": "2025-10-10T06:20:50.900980+00:00", "level": "INFO", "logger": "tacacs_server.tacacs.server", "message": "Web monitoring enabled at http://127.0.0.1:8080"}
{"timestamp": "2025-10-10T06:20:50.901299+00:00", "level": "INFO", "logger": "__main__", "message": "Monitoring successfully started at http://127.0.0.1:8080"}
{"timestamp": "2025-10-10T06:20:50.901557+00:00", "level": "INFO", "logger": "__main__", "message": "=================================================="}
{"timestamp": "2025-10-10T06:20:50.901684+00:00", "level": "INFO", "logger": "__main__", "message": "TACACS+ & RADIUS Server Starting"}
{"timestamp": "2025-10-10T06:20:50.901792+00:00", "level": "INFO", "logger": "__main__", "message": "=================================================="}
{"timestamp": "2025-10-10T06:20:50.902098+00:00", "level": "INFO", "logger": "__main__", "message": "Server Address: 0.0.0.0:49"}
{"timestamp": "2025-10-10T06:20:50.902196+00:00", "level": "INFO", "logger": "__main__", "message": "Secrets: Per-device group configuration"}
{"timestamp": "2025-10-10T06:20:50.902300+00:00", "level": "INFO", "logger": "__main__", "message": "Authentication Backends: local"}
{"timestamp": "2025-10-10T06:20:50.902404+00:00", "level": "INFO", "logger": "__main__", "message": "Database: data/tacacs_accounting.db"}
{"timestamp": "2025-10-10T06:20:50.902509+00:00", "level": "INFO", "logger": "__main__", "message": "Configuration: config/tacacs.conf"}
{"timestamp": "2025-10-10T06:20:50.902649+00:00", "level": "INFO", "logger": "__main__", "message": ""}
{"timestamp": "2025-10-10T06:20:50.902780+00:00", "level": "INFO", "logger": "__main__", "message": "Testing authentication backends:"}
{"timestamp": "2025-10-10T06:20:50.902880+00:00", "level": "INFO", "logger": "__main__", "message": "  local: \u2713 Available"}
{"timestamp": "2025-10-10T06:20:50.902968+00:00", "level": "INFO", "logger": "__main__", "message": ""}
{"timestamp": "2025-10-10T06:20:50.903052+00:00", "level": "INFO", "logger": "__main__", "message": "RADIUS Server:"}
{"timestamp": "2025-10-10T06:20:50.903138+00:00", "level": "INFO", "logger": "__main__", "message": "  Authentication Port: 1812"}
{"timestamp": "2025-10-10T06:20:50.903229+00:00", "level": "INFO", "logger": "__main__", "message": "  Accounting Port: 1813"}
{"timestamp": "2025-10-10T06:20:50.903322+00:00", "level": "INFO", "logger": "__main__", "message": "  Configured Clients: 3"}
{"timestamp": "2025-10-10T06:20:50.903885+00:00", "level": "INFO", "logger": "__main__", "message": "  Client Groups: firewall(1), router1(1), switch1(1)"}
{"timestamp": "2025-10-10T06:20:50.903976+00:00", "level": "INFO", "logger": "__main__", "message": ""}
{"timestamp": "2025-10-10T06:20:50.904065+00:00", "level": "INFO", "logger": "__main__", "message": "Server ready - waiting for connections..."}
{"timestamp": "2025-10-10T06:20:50.904158+00:00", "level": "INFO", "logger": "__main__", "message": "Press Ctrl+C to stop"}
{"timestamp": "2025-10-10T06:21:42.430376+00:00", "level": "INFO", "logger": "__main__", "message": "Received signal 2"}
{"timestamp": "2025-10-10T06:21:42.434043+00:00", "level": "INFO", "logger": "__main__", "message": "Shutting down down servers..."}
{"timestamp": "2025-10-10T06:21:42.434263+00:00", "level": "INFO", "logger": "tacacs_server.radius.server", "message": "RADIUS server stopped"}
{"timestamp": "2025-10-10T06:21:42.434358+00:00", "level": "INFO", "logger": "tacacs_server.tacacs.server", "message": "Stopping TACACS+ server..."}
{"timestamp": "2025-10-10T06:21:42.434560+00:00", "level": "INFO", "logger": "__main__", "message": "Servers stopped successfully"}
{"timestamp": "2025-10-10T06:21:42.434672+00:00", "level": "INFO", "logger": "tacacs_server.tacacs.server", "message": "TACACS+ server stopped"}
